<?xml version="1.0" encoding="UTF-8"?>
<testsuite xmlns:xsi="http://www.w3.org/2001/XMLSchema-instance" xsi:noNamespaceSchemaLocation="https://maven.apache.org/surefire/maven-surefire-plugin/xsd/surefire-test-report-3.0.xsd" version="3.0" name="TestSuite" time="165.391" tests="20" errors="0" skipped="0" failures="0">
  <properties>
    <property name="sun.desktop" value="windows"/>
    <property name="awt.toolkit" value="sun.awt.windows.WToolkit"/>
    <property name="java.specification.version" value="11"/>
    <property name="webdriver.chrome.driver" value="C:\Users\ahmed.mahdy\.cache\selenium\chromedriver\win32\95.0.4638.69\chromedriver.exe"/>
    <property name="sun.cpu.isalist" value="amd64"/>
    <property name="sun.jnu.encoding" value="Cp1252"/>
    <property name="sun.awt.enableExtraMouseButtons" value="true"/>
    <property name="java.class.path" value="C:\Users\ahmed.mahdy\Downloads\com.demo.selenium-master\Excel\target\test-classes;C:\Users\ahmed.mahdy\Downloads\com.demo.selenium-master\Excel\target\classes;C:\Users\ahmed.mahdy\.m2\repository\junit\junit\4.11\junit-4.11.jar;C:\Users\ahmed.mahdy\.m2\repository\org\hamcrest\hamcrest-core\1.3\hamcrest-core-1.3.jar;C:\Users\ahmed.mahdy\.m2\repository\org\testng\testng\7.3.0\testng-7.3.0.jar;C:\Users\ahmed.mahdy\.m2\repository\com\beust\jcommander\1.78\jcommander-1.78.jar;C:\Users\ahmed.mahdy\.m2\repository\org\apache\ant\ant\1.10.3\ant-1.10.3.jar;C:\Users\ahmed.mahdy\.m2\repository\org\apache\ant\ant-launcher\1.10.3\ant-launcher-1.10.3.jar;C:\Users\ahmed.mahdy\.m2\repository\com\google\inject\guice\4.2.2\guice-4.2.2-no_aop.jar;C:\Users\ahmed.mahdy\.m2\repository\javax\inject\javax.inject\1\javax.inject-1.jar;C:\Users\ahmed.mahdy\.m2\repository\aopalliance\aopalliance\1.0\aopalliance-1.0.jar;C:\Users\ahmed.mahdy\.m2\repository\org\yaml\snakeyaml\1.21\snakeyaml-1.21.jar;C:\Users\ahmed.mahdy\.m2\repository\org\seleniumhq\selenium\selenium-chrome-driver\3.141.59\selenium-chrome-driver-3.141.59.jar;C:\Users\ahmed.mahdy\.m2\repository\org\seleniumhq\selenium\selenium-api\3.141.59\selenium-api-3.141.59.jar;C:\Users\ahmed.mahdy\.m2\repository\org\seleniumhq\selenium\selenium-remote-driver\3.141.59\selenium-remote-driver-3.141.59.jar;C:\Users\ahmed.mahdy\.m2\repository\net\bytebuddy\byte-buddy\1.8.15\byte-buddy-1.8.15.jar;C:\Users\ahmed.mahdy\.m2\repository\org\apache\commons\commons-exec\1.3\commons-exec-1.3.jar;C:\Users\ahmed.mahdy\.m2\repository\com\google\guava\guava\25.0-jre\guava-25.0-jre.jar;C:\Users\ahmed.mahdy\.m2\repository\com\google\code\findbugs\jsr305\1.3.9\jsr305-1.3.9.jar;C:\Users\ahmed.mahdy\.m2\repository\org\checkerframework\checker-compat-qual\2.0.0\checker-compat-qual-2.0.0.jar;C:\Users\ahmed.mahdy\.m2\repository\com\google\errorprone\error_prone_annotations\2.1.3\error_prone_annotations-2.1.3.jar;C:\Users\ahmed.mahdy\.m2\repository\com\google\j2objc\j2objc-annotations\1.1\j2objc-annotations-1.1.jar;C:\Users\ahmed.mahdy\.m2\repository\org\codehaus\mojo\animal-sniffer-annotations\1.14\animal-sniffer-annotations-1.14.jar;C:\Users\ahmed.mahdy\.m2\repository\com\squareup\okhttp3\okhttp\3.11.0\okhttp-3.11.0.jar;C:\Users\ahmed.mahdy\.m2\repository\com\squareup\okio\okio\1.14.0\okio-1.14.0.jar;C:\Users\ahmed.mahdy\.m2\repository\org\seleniumhq\selenium\selenium-java\3.141.59\selenium-java-3.141.59.jar;C:\Users\ahmed.mahdy\.m2\repository\org\seleniumhq\selenium\selenium-edge-driver\3.141.59\selenium-edge-driver-3.141.59.jar;C:\Users\ahmed.mahdy\.m2\repository\org\seleniumhq\selenium\selenium-firefox-driver\3.141.59\selenium-firefox-driver-3.141.59.jar;C:\Users\ahmed.mahdy\.m2\repository\org\seleniumhq\selenium\selenium-ie-driver\3.141.59\selenium-ie-driver-3.141.59.jar;C:\Users\ahmed.mahdy\.m2\repository\org\seleniumhq\selenium\selenium-opera-driver\3.141.59\selenium-opera-driver-3.141.59.jar;C:\Users\ahmed.mahdy\.m2\repository\org\seleniumhq\selenium\selenium-safari-driver\3.141.59\selenium-safari-driver-3.141.59.jar;C:\Users\ahmed.mahdy\.m2\repository\org\seleniumhq\selenium\selenium-support\3.141.59\selenium-support-3.141.59.jar;C:\Users\ahmed.mahdy\.m2\repository\org\apache\maven\plugins\maven-compiler-plugin\3.8.1\maven-compiler-plugin-3.8.1.jar;C:\Users\ahmed.mahdy\.m2\repository\org\apache\maven\maven-plugin-api\3.0\maven-plugin-api-3.0.jar;C:\Users\ahmed.mahdy\.m2\repository\org\apache\maven\maven-model\3.0\maven-model-3.0.jar;C:\Users\ahmed.mahdy\.m2\repository\org\sonatype\sisu\sisu-inject-plexus\1.4.2\sisu-inject-plexus-1.4.2.jar;C:\Users\ahmed.mahdy\.m2\repository\org\sonatype\sisu\sisu-inject-bean\1.4.2\sisu-inject-bean-1.4.2.jar;C:\Users\ahmed.mahdy\.m2\repository\org\sonatype\sisu\sisu-guice\2.1.7\sisu-guice-2.1.7-noaop.jar;C:\Users\ahmed.mahdy\.m2\repository\org\apache\maven\maven-artifact\3.0\maven-artifact-3.0.jar;C:\Users\ahmed.mahdy\.m2\repository\org\codehaus\plexus\plexus-utils\2.0.4\plexus-utils-2.0.4.jar;C:\Users\ahmed.mahdy\.m2\repository\org\apache\maven\maven-core\3.0\maven-core-3.0.jar;C:\Users\ahmed.mahdy\.m2\repository\org\apache\maven\maven-settings\3.0\maven-settings-3.0.jar;C:\Users\ahmed.mahdy\.m2\repository\org\apache\maven\maven-settings-builder\3.0\maven-settings-builder-3.0.jar;C:\Users\ahmed.mahdy\.m2\repository\org\apache\maven\maven-repository-metadata\3.0\maven-repository-metadata-3.0.jar;C:\Users\ahmed.mahdy\.m2\repository\org\apache\maven\maven-model-builder\3.0\maven-model-builder-3.0.jar;C:\Users\ahmed.mahdy\.m2\repository\org\apache\maven\maven-aether-provider\3.0\maven-aether-provider-3.0.jar;C:\Users\ahmed.mahdy\.m2\repository\org\sonatype\aether\aether-impl\1.7\aether-impl-1.7.jar;C:\Users\ahmed.mahdy\.m2\repository\org\sonatype\aether\aether-spi\1.7\aether-spi-1.7.jar;C:\Users\ahmed.mahdy\.m2\repository\org\sonatype\aether\aether-api\1.7\aether-api-1.7.jar;C:\Users\ahmed.mahdy\.m2\repository\org\sonatype\aether\aether-util\1.7\aether-util-1.7.jar;C:\Users\ahmed.mahdy\.m2\repository\org\codehaus\plexus\plexus-interpolation\1.14\plexus-interpolation-1.14.jar;C:\Users\ahmed.mahdy\.m2\repository\org\codehaus\plexus\plexus-classworlds\2.2.3\plexus-classworlds-2.2.3.jar;C:\Users\ahmed.mahdy\.m2\repository\org\codehaus\plexus\plexus-component-annotations\1.5.5\plexus-component-annotations-1.5.5.jar;C:\Users\ahmed.mahdy\.m2\repository\org\sonatype\plexus\plexus-sec-dispatcher\1.3\plexus-sec-dispatcher-1.3.jar;C:\Users\ahmed.mahdy\.m2\repository\org\sonatype\plexus\plexus-cipher\1.4\plexus-cipher-1.4.jar;C:\Users\ahmed.mahdy\.m2\repository\org\apache\maven\shared\maven-shared-utils\3.2.1\maven-shared-utils-3.2.1.jar;C:\Users\ahmed.mahdy\.m2\repository\commons-io\commons-io\2.5\commons-io-2.5.jar;C:\Users\ahmed.mahdy\.m2\repository\org\apache\maven\shared\maven-shared-incremental\1.1\maven-shared-incremental-1.1.jar;C:\Users\ahmed.mahdy\.m2\repository\org\codehaus\plexus\plexus-java\0.9.10\plexus-java-0.9.10.jar;C:\Users\ahmed.mahdy\.m2\repository\org\ow2\asm\asm\6.2\asm-6.2.jar;C:\Users\ahmed.mahdy\.m2\repository\com\thoughtworks\qdox\qdox\2.0-M8\qdox-2.0-M8.jar;C:\Users\ahmed.mahdy\.m2\repository\org\codehaus\plexus\plexus-compiler-api\2.8.4\plexus-compiler-api-2.8.4.jar;C:\Users\ahmed.mahdy\.m2\repository\org\codehaus\plexus\plexus-compiler-manager\2.8.4\plexus-compiler-manager-2.8.4.jar;C:\Users\ahmed.mahdy\.m2\repository\org\codehaus\plexus\plexus-compiler-javac\2.8.4\plexus-compiler-javac-2.8.4.jar;C:\Users\ahmed.mahdy\.m2\repository\com\aventstack\extentreports\5.0.6\extentreports-5.0.6.jar;C:\Users\ahmed.mahdy\.m2\repository\io\reactivex\rxjava3\rxjava\3.0.4\rxjava-3.0.4.jar;C:\Users\ahmed.mahdy\.m2\repository\org\reactivestreams\reactive-streams\1.0.3\reactive-streams-1.0.3.jar;C:\Users\ahmed.mahdy\.m2\repository\org\freemarker\freemarker\2.3.30\freemarker-2.3.30.jar;C:\Users\ahmed.mahdy\.m2\repository\org\projectlombok\lombok\1.18.12\lombok-1.18.12.jar;C:\Users\ahmed.mahdy\.m2\repository\com\google\code\gson\gson\2.8.6\gson-2.8.6.jar;C:\Users\ahmed.mahdy\.m2\repository\com\relevantcodes\extentreports\2.41.2\extentreports-2.41.2.jar;C:\Users\ahmed.mahdy\.m2\repository\org\jsoup\jsoup\1.8.3\jsoup-1.8.3.jar;C:\Users\ahmed.mahdy\.m2\repository\org\xerial\sqlite-jdbc\3.8.11.1\sqlite-jdbc-3.8.11.1.jar;C:\Users\ahmed.mahdy\.m2\repository\org\mongodb\mongodb-driver\3.0.4\mongodb-driver-3.0.4.jar;C:\Users\ahmed.mahdy\.m2\repository\org\mongodb\bson\3.0.4\bson-3.0.4.jar;C:\Users\ahmed.mahdy\.m2\repository\org\mongodb\mongodb-driver-core\3.0.4\mongodb-driver-core-3.0.4.jar;C:\Users\ahmed.mahdy\.m2\repository\org\apache\poi\poi-ooxml\5.0.0\poi-ooxml-5.0.0.jar;C:\Users\ahmed.mahdy\.m2\repository\org\apache\poi\poi-ooxml-lite\5.0.0\poi-ooxml-lite-5.0.0.jar;C:\Users\ahmed.mahdy\.m2\repository\org\apache\xmlbeans\xmlbeans\4.0.0\xmlbeans-4.0.0.jar;C:\Users\ahmed.mahdy\.m2\repository\org\apache\commons\commons-compress\1.20\commons-compress-1.20.jar;C:\Users\ahmed.mahdy\.m2\repository\com\github\virtuald\curvesapi\1.06\curvesapi-1.06.jar;C:\Users\ahmed.mahdy\.m2\repository\org\bouncycastle\bcpkix-jdk15on\1.68\bcpkix-jdk15on-1.68.jar;C:\Users\ahmed.mahdy\.m2\repository\org\bouncycastle\bcprov-jdk15on\1.68\bcprov-jdk15on-1.68.jar;C:\Users\ahmed.mahdy\.m2\repository\org\apache\santuario\xmlsec\2.2.1\xmlsec-2.2.1.jar;C:\Users\ahmed.mahdy\.m2\repository\com\fasterxml\woodstox\woodstox-core\5.2.1\woodstox-core-5.2.1.jar;C:\Users\ahmed.mahdy\.m2\repository\org\codehaus\woodstox\stax2-api\4.2\stax2-api-4.2.jar;C:\Users\ahmed.mahdy\.m2\repository\jakarta\xml\bind\jakarta.xml.bind-api\2.3.2\jakarta.xml.bind-api-2.3.2.jar;C:\Users\ahmed.mahdy\.m2\repository\jakarta\activation\jakarta.activation-api\1.2.1\jakarta.activation-api-1.2.1.jar;C:\Users\ahmed.mahdy\.m2\repository\org\apache\xmlgraphics\batik-all\1.13\batik-all-1.13.jar;C:\Users\ahmed.mahdy\.m2\repository\org\apache\xmlgraphics\batik-anim\1.13\batik-anim-1.13.jar;C:\Users\ahmed.mahdy\.m2\repository\org\apache\xmlgraphics\batik-shared-resources\1.13\batik-shared-resources-1.13.jar;C:\Users\ahmed.mahdy\.m2\repository\xml-apis\xml-apis-ext\1.3.04\xml-apis-ext-1.3.04.jar;C:\Users\ahmed.mahdy\.m2\repository\org\apache\xmlgraphics\batik-awt-util\1.13\batik-awt-util-1.13.jar;C:\Users\ahmed.mahdy\.m2\repository\org\apache\xmlgraphics\xmlgraphics-commons\2.4\xmlgraphics-commons-2.4.jar;C:\Users\ahmed.mahdy\.m2\repository\org\apache\xmlgraphics\batik-bridge\1.13\batik-bridge-1.13.jar;C:\Users\ahmed.mahdy\.m2\repository\org\apache\xmlgraphics\batik-codec\1.13\batik-codec-1.13.jar;C:\Users\ahmed.mahdy\.m2\repository\org\apache\xmlgraphics\batik-constants\1.13\batik-constants-1.13.jar;C:\Users\ahmed.mahdy\.m2\repository\org\apache\xmlgraphics\batik-css\1.13\batik-css-1.13.jar;C:\Users\ahmed.mahdy\.m2\repository\org\apache\xmlgraphics\batik-dom\1.13\batik-dom-1.13.jar;C:\Users\ahmed.mahdy\.m2\repository\xalan\xalan\2.7.2\xalan-2.7.2.jar;C:\Users\ahmed.mahdy\.m2\repository\xalan\serializer\2.7.2\serializer-2.7.2.jar;C:\Users\ahmed.mahdy\.m2\repository\xml-apis\xml-apis\1.4.01\xml-apis-1.4.01.jar;C:\Users\ahmed.mahdy\.m2\repository\org\apache\xmlgraphics\batik-ext\1.13\batik-ext-1.13.jar;C:\Users\ahmed.mahdy\.m2\repository\org\apache\xmlgraphics\batik-extension\1.13\batik-extension-1.13.jar;C:\Users\ahmed.mahdy\.m2\repository\org\apache\xmlgraphics\batik-gui-util\1.13\batik-gui-util-1.13.jar;C:\Users\ahmed.mahdy\.m2\repository\org\apache\xmlgraphics\batik-gvt\1.13\batik-gvt-1.13.jar;C:\Users\ahmed.mahdy\.m2\repository\org\apache\xmlgraphics\batik-i18n\1.13\batik-i18n-1.13.jar;C:\Users\ahmed.mahdy\.m2\repository\org\apache\xmlgraphics\batik-parser\1.13\batik-parser-1.13.jar;C:\Users\ahmed.mahdy\.m2\repository\org\apache\xmlgraphics\batik-rasterizer-ext\1.13\batik-rasterizer-ext-1.13.jar;C:\Users\ahmed.mahdy\.m2\repository\org\apache\xmlgraphics\batik-rasterizer\1.13\batik-rasterizer-1.13.jar;C:\Users\ahmed.mahdy\.m2\repository\org\apache\xmlgraphics\batik-script\1.13\batik-script-1.13.jar;C:\Users\ahmed.mahdy\.m2\repository\org\apache\xmlgraphics\batik-slideshow\1.13\batik-slideshow-1.13.jar;C:\Users\ahmed.mahdy\.m2\repository\org\apache\xmlgraphics\batik-squiggle-ext\1.13\batik-squiggle-ext-1.13.jar;C:\Users\ahmed.mahdy\.m2\repository\org\apache\xmlgraphics\batik-squiggle\1.13\batik-squiggle-1.13.jar;C:\Users\ahmed.mahdy\.m2\repository\org\apache\xmlgraphics\batik-svg-dom\1.13\batik-svg-dom-1.13.jar;C:\Users\ahmed.mahdy\.m2\repository\org\apache\xmlgraphics\batik-svgbrowser\1.13\batik-svgbrowser-1.13.jar;C:\Users\ahmed.mahdy\.m2\repository\org\apache\xmlgraphics\batik-svggen\1.13\batik-svggen-1.13.jar;C:\Users\ahmed.mahdy\.m2\repository\org\apache\xmlgraphics\batik-svgpp\1.13\batik-svgpp-1.13.jar;C:\Users\ahmed.mahdy\.m2\repository\org\apache\xmlgraphics\batik-svgrasterizer\1.13\batik-svgrasterizer-1.13.jar;C:\Users\ahmed.mahdy\.m2\repository\org\apache\xmlgraphics\batik-swing\1.13\batik-swing-1.13.jar;C:\Users\ahmed.mahdy\.m2\repository\org\apache\xmlgraphics\batik-transcoder\1.13\batik-transcoder-1.13.jar;C:\Users\ahmed.mahdy\.m2\repository\org\apache\xmlgraphics\batik-util\1.13\batik-util-1.13.jar;C:\Users\ahmed.mahdy\.m2\repository\org\apache\xmlgraphics\batik-ttf2svg\1.13\batik-ttf2svg-1.13.jar;C:\Users\ahmed.mahdy\.m2\repository\org\apache\xmlgraphics\batik-xml\1.13\batik-xml-1.13.jar;C:\Users\ahmed.mahdy\.m2\repository\de\rototor\pdfbox\graphics2d\0.30\graphics2d-0.30.jar;C:\Users\ahmed.mahdy\.m2\repository\org\apache\pdfbox\pdfbox\2.0.22\pdfbox-2.0.22.jar;C:\Users\ahmed.mahdy\.m2\repository\org\apache\pdfbox\fontbox\2.0.22\fontbox-2.0.22.jar;C:\Users\ahmed.mahdy\.m2\repository\org\apache\poi\poi\5.0.0\poi-5.0.0.jar;C:\Users\ahmed.mahdy\.m2\repository\org\slf4j\slf4j-api\1.7.30\slf4j-api-1.7.30.jar;C:\Users\ahmed.mahdy\.m2\repository\org\slf4j\jcl-over-slf4j\1.7.30\jcl-over-slf4j-1.7.30.jar;C:\Users\ahmed.mahdy\.m2\repository\commons-codec\commons-codec\1.15\commons-codec-1.15.jar;C:\Users\ahmed.mahdy\.m2\repository\org\apache\commons\commons-collections4\4.4\commons-collections4-4.4.jar;C:\Users\ahmed.mahdy\.m2\repository\org\apache\commons\commons-math3\3.6.1\commons-math3-3.6.1.jar;C:\Users\ahmed.mahdy\.m2\repository\com\zaxxer\SparseBitSet\1.2\SparseBitSet-1.2.jar;C:\Users\ahmed.mahdy\.m2\repository\org\apache\maven\plugins\maven-surefire-plugin\3.0.0-M5\maven-surefire-plugin-3.0.0-M5.jar;C:\Users\ahmed.mahdy\.m2\repository\org\apache\maven\surefire\maven-surefire-common\3.0.0-M5\maven-surefire-common-3.0.0-M5.jar;C:\Users\ahmed.mahdy\.m2\repository\org\apache\maven\surefire\surefire-api\3.0.0-M5\surefire-api-3.0.0-M5.jar;C:\Users\ahmed.mahdy\.m2\repository\org\apache\maven\surefire\surefire-logger-api\3.0.0-M5\surefire-logger-api-3.0.0-M5.jar;C:\Users\ahmed.mahdy\.m2\repository\org\apache\maven\surefire\surefire-extensions-api\3.0.0-M5\surefire-extensions-api-3.0.0-M5.jar;C:\Users\ahmed.mahdy\.m2\repository\org\apache\maven\surefire\surefire-booter\3.0.0-M5\surefire-booter-3.0.0-M5.jar;C:\Users\ahmed.mahdy\.m2\repository\org\apache\maven\surefire\surefire-extensions-spi\3.0.0-M5\surefire-extensions-spi-3.0.0-M5.jar;C:\Users\ahmed.mahdy\.m2\repository\org\apache\maven\maven-toolchain\3.0-alpha-2\maven-toolchain-3.0-alpha-2.jar;C:\Users\ahmed.mahdy\.m2\repository\org\apache\maven\shared\maven-artifact-transfer\0.11.0\maven-artifact-transfer-0.11.0.jar;C:\Users\ahmed.mahdy\.m2\repository\org\apache\maven\shared\maven-common-artifact-filters\3.0.1\maven-common-artifact-filters-3.0.1.jar;C:\Users\ahmed.mahdy\.m2\repository\org\apache\maven\surefire\surefire-shared-utils\3.0.0-M4\surefire-shared-utils-3.0.0-M4.jar;C:\Users\ahmed.mahdy\.m2\repository\io\github\bonigarcia\webdrivermanager\5.0.3\webdrivermanager-5.0.3.jar;C:\Users\ahmed.mahdy\.m2\repository\com\github\docker-java\docker-java\3.2.12\docker-java-3.2.12.jar;C:\Users\ahmed.mahdy\.m2\repository\com\github\docker-java\docker-java-core\3.2.12\docker-java-core-3.2.12.jar;C:\Users\ahmed.mahdy\.m2\repository\com\github\docker-java\docker-java-api\3.2.12\docker-java-api-3.2.12.jar;C:\Users\ahmed.mahdy\.m2\repository\com\fasterxml\jackson\core\jackson-annotations\2.10.3\jackson-annotations-2.10.3.jar;C:\Users\ahmed.mahdy\.m2\repository\commons-lang\commons-lang\2.6\commons-lang-2.6.jar;C:\Users\ahmed.mahdy\.m2\repository\com\fasterxml\jackson\core\jackson-databind\2.10.3\jackson-databind-2.10.3.jar;C:\Users\ahmed.mahdy\.m2\repository\com\fasterxml\jackson\core\jackson-core\2.10.3\jackson-core-2.10.3.jar;C:\Users\ahmed.mahdy\.m2\repository\com\github\docker-java\docker-java-transport-httpclient5\3.2.12\docker-java-transport-httpclient5-3.2.12.jar;C:\Users\ahmed.mahdy\.m2\repository\com\github\docker-java\docker-java-transport\3.2.12\docker-java-transport-3.2.12.jar;C:\Users\ahmed.mahdy\.m2\repository\org\apache\httpcomponents\client5\httpclient5\5.0.3\httpclient5-5.0.3.jar;C:\Users\ahmed.mahdy\.m2\repository\org\apache\httpcomponents\core5\httpcore5\5.0.2\httpcore5-5.0.2.jar;C:\Users\ahmed.mahdy\.m2\repository\net\java\dev\jna\jna\5.8.0\jna-5.8.0.jar;C:\Users\ahmed.mahdy\.m2\repository\org\brotli\dec\0.1.2\dec-0.1.2.jar;"/>
    <property name="java.vm.vendor" value="Oracle Corporation"/>
    <property name="sun.arch.data.model" value="64"/>
    <property name="user.variant" value=""/>
    <property name="java.vendor.url" value="https://openjdk.java.net/"/>
    <property name="user.timezone" value="Africa/Cairo"/>
    <property name="java.vm.specification.version" value="11"/>
    <property name="os.name" value="Windows 10"/>
    <property name="sun.java.launcher" value="SUN_STANDARD"/>
    <property name="user.country" value="US"/>
    <property name="sun.boot.library.path" value="C:\Users\ahmed.mahdy\Downloads\jdk-11.0.11_windows-x64_bin\jdk-11.0.11\bin"/>
    <property name="sun.java.command" value="C:\Users\ahmed.mahdy\AppData\Local\Temp\surefire17726148465889107417\surefirebooter3463178171245959160.jar C:\Users\ahmed.mahdy\AppData\Local\Temp\surefire17726148465889107417 2021-11-15T17-23-23_937-jvmRun1 surefire7019873674604733967tmp surefire_016153786354960107711tmp"/>
    <property name="jdk.debug" value="release"/>
    <property name="surefire.test.class.path" value="C:\Users\ahmed.mahdy\Downloads\com.demo.selenium-master\Excel\target\test-classes;C:\Users\ahmed.mahdy\Downloads\com.demo.selenium-master\Excel\target\classes;C:\Users\ahmed.mahdy\.m2\repository\junit\junit\4.11\junit-4.11.jar;C:\Users\ahmed.mahdy\.m2\repository\org\hamcrest\hamcrest-core\1.3\hamcrest-core-1.3.jar;C:\Users\ahmed.mahdy\.m2\repository\org\testng\testng\7.3.0\testng-7.3.0.jar;C:\Users\ahmed.mahdy\.m2\repository\com\beust\jcommander\1.78\jcommander-1.78.jar;C:\Users\ahmed.mahdy\.m2\repository\org\apache\ant\ant\1.10.3\ant-1.10.3.jar;C:\Users\ahmed.mahdy\.m2\repository\org\apache\ant\ant-launcher\1.10.3\ant-launcher-1.10.3.jar;C:\Users\ahmed.mahdy\.m2\repository\com\google\inject\guice\4.2.2\guice-4.2.2-no_aop.jar;C:\Users\ahmed.mahdy\.m2\repository\javax\inject\javax.inject\1\javax.inject-1.jar;C:\Users\ahmed.mahdy\.m2\repository\aopalliance\aopalliance\1.0\aopalliance-1.0.jar;C:\Users\ahmed.mahdy\.m2\repository\org\yaml\snakeyaml\1.21\snakeyaml-1.21.jar;C:\Users\ahmed.mahdy\.m2\repository\org\seleniumhq\selenium\selenium-chrome-driver\3.141.59\selenium-chrome-driver-3.141.59.jar;C:\Users\ahmed.mahdy\.m2\repository\org\seleniumhq\selenium\selenium-api\3.141.59\selenium-api-3.141.59.jar;C:\Users\ahmed.mahdy\.m2\repository\org\seleniumhq\selenium\selenium-remote-driver\3.141.59\selenium-remote-driver-3.141.59.jar;C:\Users\ahmed.mahdy\.m2\repository\net\bytebuddy\byte-buddy\1.8.15\byte-buddy-1.8.15.jar;C:\Users\ahmed.mahdy\.m2\repository\org\apache\commons\commons-exec\1.3\commons-exec-1.3.jar;C:\Users\ahmed.mahdy\.m2\repository\com\google\guava\guava\25.0-jre\guava-25.0-jre.jar;C:\Users\ahmed.mahdy\.m2\repository\com\google\code\findbugs\jsr305\1.3.9\jsr305-1.3.9.jar;C:\Users\ahmed.mahdy\.m2\repository\org\checkerframework\checker-compat-qual\2.0.0\checker-compat-qual-2.0.0.jar;C:\Users\ahmed.mahdy\.m2\repository\com\google\errorprone\error_prone_annotations\2.1.3\error_prone_annotations-2.1.3.jar;C:\Users\ahmed.mahdy\.m2\repository\com\google\j2objc\j2objc-annotations\1.1\j2objc-annotations-1.1.jar;C:\Users\ahmed.mahdy\.m2\repository\org\codehaus\mojo\animal-sniffer-annotations\1.14\animal-sniffer-annotations-1.14.jar;C:\Users\ahmed.mahdy\.m2\repository\com\squareup\okhttp3\okhttp\3.11.0\okhttp-3.11.0.jar;C:\Users\ahmed.mahdy\.m2\repository\com\squareup\okio\okio\1.14.0\okio-1.14.0.jar;C:\Users\ahmed.mahdy\.m2\repository\org\seleniumhq\selenium\selenium-java\3.141.59\selenium-java-3.141.59.jar;C:\Users\ahmed.mahdy\.m2\repository\org\seleniumhq\selenium\selenium-edge-driver\3.141.59\selenium-edge-driver-3.141.59.jar;C:\Users\ahmed.mahdy\.m2\repository\org\seleniumhq\selenium\selenium-firefox-driver\3.141.59\selenium-firefox-driver-3.141.59.jar;C:\Users\ahmed.mahdy\.m2\repository\org\seleniumhq\selenium\selenium-ie-driver\3.141.59\selenium-ie-driver-3.141.59.jar;C:\Users\ahmed.mahdy\.m2\repository\org\seleniumhq\selenium\selenium-opera-driver\3.141.59\selenium-opera-driver-3.141.59.jar;C:\Users\ahmed.mahdy\.m2\repository\org\seleniumhq\selenium\selenium-safari-driver\3.141.59\selenium-safari-driver-3.141.59.jar;C:\Users\ahmed.mahdy\.m2\repository\org\seleniumhq\selenium\selenium-support\3.141.59\selenium-support-3.141.59.jar;C:\Users\ahmed.mahdy\.m2\repository\org\apache\maven\plugins\maven-compiler-plugin\3.8.1\maven-compiler-plugin-3.8.1.jar;C:\Users\ahmed.mahdy\.m2\repository\org\apache\maven\maven-plugin-api\3.0\maven-plugin-api-3.0.jar;C:\Users\ahmed.mahdy\.m2\repository\org\apache\maven\maven-model\3.0\maven-model-3.0.jar;C:\Users\ahmed.mahdy\.m2\repository\org\sonatype\sisu\sisu-inject-plexus\1.4.2\sisu-inject-plexus-1.4.2.jar;C:\Users\ahmed.mahdy\.m2\repository\org\sonatype\sisu\sisu-inject-bean\1.4.2\sisu-inject-bean-1.4.2.jar;C:\Users\ahmed.mahdy\.m2\repository\org\sonatype\sisu\sisu-guice\2.1.7\sisu-guice-2.1.7-noaop.jar;C:\Users\ahmed.mahdy\.m2\repository\org\apache\maven\maven-artifact\3.0\maven-artifact-3.0.jar;C:\Users\ahmed.mahdy\.m2\repository\org\codehaus\plexus\plexus-utils\2.0.4\plexus-utils-2.0.4.jar;C:\Users\ahmed.mahdy\.m2\repository\org\apache\maven\maven-core\3.0\maven-core-3.0.jar;C:\Users\ahmed.mahdy\.m2\repository\org\apache\maven\maven-settings\3.0\maven-settings-3.0.jar;C:\Users\ahmed.mahdy\.m2\repository\org\apache\maven\maven-settings-builder\3.0\maven-settings-builder-3.0.jar;C:\Users\ahmed.mahdy\.m2\repository\org\apache\maven\maven-repository-metadata\3.0\maven-repository-metadata-3.0.jar;C:\Users\ahmed.mahdy\.m2\repository\org\apache\maven\maven-model-builder\3.0\maven-model-builder-3.0.jar;C:\Users\ahmed.mahdy\.m2\repository\org\apache\maven\maven-aether-provider\3.0\maven-aether-provider-3.0.jar;C:\Users\ahmed.mahdy\.m2\repository\org\sonatype\aether\aether-impl\1.7\aether-impl-1.7.jar;C:\Users\ahmed.mahdy\.m2\repository\org\sonatype\aether\aether-spi\1.7\aether-spi-1.7.jar;C:\Users\ahmed.mahdy\.m2\repository\org\sonatype\aether\aether-api\1.7\aether-api-1.7.jar;C:\Users\ahmed.mahdy\.m2\repository\org\sonatype\aether\aether-util\1.7\aether-util-1.7.jar;C:\Users\ahmed.mahdy\.m2\repository\org\codehaus\plexus\plexus-interpolation\1.14\plexus-interpolation-1.14.jar;C:\Users\ahmed.mahdy\.m2\repository\org\codehaus\plexus\plexus-classworlds\2.2.3\plexus-classworlds-2.2.3.jar;C:\Users\ahmed.mahdy\.m2\repository\org\codehaus\plexus\plexus-component-annotations\1.5.5\plexus-component-annotations-1.5.5.jar;C:\Users\ahmed.mahdy\.m2\repository\org\sonatype\plexus\plexus-sec-dispatcher\1.3\plexus-sec-dispatcher-1.3.jar;C:\Users\ahmed.mahdy\.m2\repository\org\sonatype\plexus\plexus-cipher\1.4\plexus-cipher-1.4.jar;C:\Users\ahmed.mahdy\.m2\repository\org\apache\maven\shared\maven-shared-utils\3.2.1\maven-shared-utils-3.2.1.jar;C:\Users\ahmed.mahdy\.m2\repository\commons-io\commons-io\2.5\commons-io-2.5.jar;C:\Users\ahmed.mahdy\.m2\repository\org\apache\maven\shared\maven-shared-incremental\1.1\maven-shared-incremental-1.1.jar;C:\Users\ahmed.mahdy\.m2\repository\org\codehaus\plexus\plexus-java\0.9.10\plexus-java-0.9.10.jar;C:\Users\ahmed.mahdy\.m2\repository\org\ow2\asm\asm\6.2\asm-6.2.jar;C:\Users\ahmed.mahdy\.m2\repository\com\thoughtworks\qdox\qdox\2.0-M8\qdox-2.0-M8.jar;C:\Users\ahmed.mahdy\.m2\repository\org\codehaus\plexus\plexus-compiler-api\2.8.4\plexus-compiler-api-2.8.4.jar;C:\Users\ahmed.mahdy\.m2\repository\org\codehaus\plexus\plexus-compiler-manager\2.8.4\plexus-compiler-manager-2.8.4.jar;C:\Users\ahmed.mahdy\.m2\repository\org\codehaus\plexus\plexus-compiler-javac\2.8.4\plexus-compiler-javac-2.8.4.jar;C:\Users\ahmed.mahdy\.m2\repository\com\aventstack\extentreports\5.0.6\extentreports-5.0.6.jar;C:\Users\ahmed.mahdy\.m2\repository\io\reactivex\rxjava3\rxjava\3.0.4\rxjava-3.0.4.jar;C:\Users\ahmed.mahdy\.m2\repository\org\reactivestreams\reactive-streams\1.0.3\reactive-streams-1.0.3.jar;C:\Users\ahmed.mahdy\.m2\repository\org\freemarker\freemarker\2.3.30\freemarker-2.3.30.jar;C:\Users\ahmed.mahdy\.m2\repository\org\projectlombok\lombok\1.18.12\lombok-1.18.12.jar;C:\Users\ahmed.mahdy\.m2\repository\com\google\code\gson\gson\2.8.6\gson-2.8.6.jar;C:\Users\ahmed.mahdy\.m2\repository\com\relevantcodes\extentreports\2.41.2\extentreports-2.41.2.jar;C:\Users\ahmed.mahdy\.m2\repository\org\jsoup\jsoup\1.8.3\jsoup-1.8.3.jar;C:\Users\ahmed.mahdy\.m2\repository\org\xerial\sqlite-jdbc\3.8.11.1\sqlite-jdbc-3.8.11.1.jar;C:\Users\ahmed.mahdy\.m2\repository\org\mongodb\mongodb-driver\3.0.4\mongodb-driver-3.0.4.jar;C:\Users\ahmed.mahdy\.m2\repository\org\mongodb\bson\3.0.4\bson-3.0.4.jar;C:\Users\ahmed.mahdy\.m2\repository\org\mongodb\mongodb-driver-core\3.0.4\mongodb-driver-core-3.0.4.jar;C:\Users\ahmed.mahdy\.m2\repository\org\apache\poi\poi-ooxml\5.0.0\poi-ooxml-5.0.0.jar;C:\Users\ahmed.mahdy\.m2\repository\org\apache\poi\poi-ooxml-lite\5.0.0\poi-ooxml-lite-5.0.0.jar;C:\Users\ahmed.mahdy\.m2\repository\org\apache\xmlbeans\xmlbeans\4.0.0\xmlbeans-4.0.0.jar;C:\Users\ahmed.mahdy\.m2\repository\org\apache\commons\commons-compress\1.20\commons-compress-1.20.jar;C:\Users\ahmed.mahdy\.m2\repository\com\github\virtuald\curvesapi\1.06\curvesapi-1.06.jar;C:\Users\ahmed.mahdy\.m2\repository\org\bouncycastle\bcpkix-jdk15on\1.68\bcpkix-jdk15on-1.68.jar;C:\Users\ahmed.mahdy\.m2\repository\org\bouncycastle\bcprov-jdk15on\1.68\bcprov-jdk15on-1.68.jar;C:\Users\ahmed.mahdy\.m2\repository\org\apache\santuario\xmlsec\2.2.1\xmlsec-2.2.1.jar;C:\Users\ahmed.mahdy\.m2\repository\com\fasterxml\woodstox\woodstox-core\5.2.1\woodstox-core-5.2.1.jar;C:\Users\ahmed.mahdy\.m2\repository\org\codehaus\woodstox\stax2-api\4.2\stax2-api-4.2.jar;C:\Users\ahmed.mahdy\.m2\repository\jakarta\xml\bind\jakarta.xml.bind-api\2.3.2\jakarta.xml.bind-api-2.3.2.jar;C:\Users\ahmed.mahdy\.m2\repository\jakarta\activation\jakarta.activation-api\1.2.1\jakarta.activation-api-1.2.1.jar;C:\Users\ahmed.mahdy\.m2\repository\org\apache\xmlgraphics\batik-all\1.13\batik-all-1.13.jar;C:\Users\ahmed.mahdy\.m2\repository\org\apache\xmlgraphics\batik-anim\1.13\batik-anim-1.13.jar;C:\Users\ahmed.mahdy\.m2\repository\org\apache\xmlgraphics\batik-shared-resources\1.13\batik-shared-resources-1.13.jar;C:\Users\ahmed.mahdy\.m2\repository\xml-apis\xml-apis-ext\1.3.04\xml-apis-ext-1.3.04.jar;C:\Users\ahmed.mahdy\.m2\repository\org\apache\xmlgraphics\batik-awt-util\1.13\batik-awt-util-1.13.jar;C:\Users\ahmed.mahdy\.m2\repository\org\apache\xmlgraphics\xmlgraphics-commons\2.4\xmlgraphics-commons-2.4.jar;C:\Users\ahmed.mahdy\.m2\repository\org\apache\xmlgraphics\batik-bridge\1.13\batik-bridge-1.13.jar;C:\Users\ahmed.mahdy\.m2\repository\org\apache\xmlgraphics\batik-codec\1.13\batik-codec-1.13.jar;C:\Users\ahmed.mahdy\.m2\repository\org\apache\xmlgraphics\batik-constants\1.13\batik-constants-1.13.jar;C:\Users\ahmed.mahdy\.m2\repository\org\apache\xmlgraphics\batik-css\1.13\batik-css-1.13.jar;C:\Users\ahmed.mahdy\.m2\repository\org\apache\xmlgraphics\batik-dom\1.13\batik-dom-1.13.jar;C:\Users\ahmed.mahdy\.m2\repository\xalan\xalan\2.7.2\xalan-2.7.2.jar;C:\Users\ahmed.mahdy\.m2\repository\xalan\serializer\2.7.2\serializer-2.7.2.jar;C:\Users\ahmed.mahdy\.m2\repository\xml-apis\xml-apis\1.4.01\xml-apis-1.4.01.jar;C:\Users\ahmed.mahdy\.m2\repository\org\apache\xmlgraphics\batik-ext\1.13\batik-ext-1.13.jar;C:\Users\ahmed.mahdy\.m2\repository\org\apache\xmlgraphics\batik-extension\1.13\batik-extension-1.13.jar;C:\Users\ahmed.mahdy\.m2\repository\org\apache\xmlgraphics\batik-gui-util\1.13\batik-gui-util-1.13.jar;C:\Users\ahmed.mahdy\.m2\repository\org\apache\xmlgraphics\batik-gvt\1.13\batik-gvt-1.13.jar;C:\Users\ahmed.mahdy\.m2\repository\org\apache\xmlgraphics\batik-i18n\1.13\batik-i18n-1.13.jar;C:\Users\ahmed.mahdy\.m2\repository\org\apache\xmlgraphics\batik-parser\1.13\batik-parser-1.13.jar;C:\Users\ahmed.mahdy\.m2\repository\org\apache\xmlgraphics\batik-rasterizer-ext\1.13\batik-rasterizer-ext-1.13.jar;C:\Users\ahmed.mahdy\.m2\repository\org\apache\xmlgraphics\batik-rasterizer\1.13\batik-rasterizer-1.13.jar;C:\Users\ahmed.mahdy\.m2\repository\org\apache\xmlgraphics\batik-script\1.13\batik-script-1.13.jar;C:\Users\ahmed.mahdy\.m2\repository\org\apache\xmlgraphics\batik-slideshow\1.13\batik-slideshow-1.13.jar;C:\Users\ahmed.mahdy\.m2\repository\org\apache\xmlgraphics\batik-squiggle-ext\1.13\batik-squiggle-ext-1.13.jar;C:\Users\ahmed.mahdy\.m2\repository\org\apache\xmlgraphics\batik-squiggle\1.13\batik-squiggle-1.13.jar;C:\Users\ahmed.mahdy\.m2\repository\org\apache\xmlgraphics\batik-svg-dom\1.13\batik-svg-dom-1.13.jar;C:\Users\ahmed.mahdy\.m2\repository\org\apache\xmlgraphics\batik-svgbrowser\1.13\batik-svgbrowser-1.13.jar;C:\Users\ahmed.mahdy\.m2\repository\org\apache\xmlgraphics\batik-svggen\1.13\batik-svggen-1.13.jar;C:\Users\ahmed.mahdy\.m2\repository\org\apache\xmlgraphics\batik-svgpp\1.13\batik-svgpp-1.13.jar;C:\Users\ahmed.mahdy\.m2\repository\org\apache\xmlgraphics\batik-svgrasterizer\1.13\batik-svgrasterizer-1.13.jar;C:\Users\ahmed.mahdy\.m2\repository\org\apache\xmlgraphics\batik-swing\1.13\batik-swing-1.13.jar;C:\Users\ahmed.mahdy\.m2\repository\org\apache\xmlgraphics\batik-transcoder\1.13\batik-transcoder-1.13.jar;C:\Users\ahmed.mahdy\.m2\repository\org\apache\xmlgraphics\batik-util\1.13\batik-util-1.13.jar;C:\Users\ahmed.mahdy\.m2\repository\org\apache\xmlgraphics\batik-ttf2svg\1.13\batik-ttf2svg-1.13.jar;C:\Users\ahmed.mahdy\.m2\repository\org\apache\xmlgraphics\batik-xml\1.13\batik-xml-1.13.jar;C:\Users\ahmed.mahdy\.m2\repository\de\rototor\pdfbox\graphics2d\0.30\graphics2d-0.30.jar;C:\Users\ahmed.mahdy\.m2\repository\org\apache\pdfbox\pdfbox\2.0.22\pdfbox-2.0.22.jar;C:\Users\ahmed.mahdy\.m2\repository\org\apache\pdfbox\fontbox\2.0.22\fontbox-2.0.22.jar;C:\Users\ahmed.mahdy\.m2\repository\org\apache\poi\poi\5.0.0\poi-5.0.0.jar;C:\Users\ahmed.mahdy\.m2\repository\org\slf4j\slf4j-api\1.7.30\slf4j-api-1.7.30.jar;C:\Users\ahmed.mahdy\.m2\repository\org\slf4j\jcl-over-slf4j\1.7.30\jcl-over-slf4j-1.7.30.jar;C:\Users\ahmed.mahdy\.m2\repository\commons-codec\commons-codec\1.15\commons-codec-1.15.jar;C:\Users\ahmed.mahdy\.m2\repository\org\apache\commons\commons-collections4\4.4\commons-collections4-4.4.jar;C:\Users\ahmed.mahdy\.m2\repository\org\apache\commons\commons-math3\3.6.1\commons-math3-3.6.1.jar;C:\Users\ahmed.mahdy\.m2\repository\com\zaxxer\SparseBitSet\1.2\SparseBitSet-1.2.jar;C:\Users\ahmed.mahdy\.m2\repository\org\apache\maven\plugins\maven-surefire-plugin\3.0.0-M5\maven-surefire-plugin-3.0.0-M5.jar;C:\Users\ahmed.mahdy\.m2\repository\org\apache\maven\surefire\maven-surefire-common\3.0.0-M5\maven-surefire-common-3.0.0-M5.jar;C:\Users\ahmed.mahdy\.m2\repository\org\apache\maven\surefire\surefire-api\3.0.0-M5\surefire-api-3.0.0-M5.jar;C:\Users\ahmed.mahdy\.m2\repository\org\apache\maven\surefire\surefire-logger-api\3.0.0-M5\surefire-logger-api-3.0.0-M5.jar;C:\Users\ahmed.mahdy\.m2\repository\org\apache\maven\surefire\surefire-extensions-api\3.0.0-M5\surefire-extensions-api-3.0.0-M5.jar;C:\Users\ahmed.mahdy\.m2\repository\org\apache\maven\surefire\surefire-booter\3.0.0-M5\surefire-booter-3.0.0-M5.jar;C:\Users\ahmed.mahdy\.m2\repository\org\apache\maven\surefire\surefire-extensions-spi\3.0.0-M5\surefire-extensions-spi-3.0.0-M5.jar;C:\Users\ahmed.mahdy\.m2\repository\org\apache\maven\maven-toolchain\3.0-alpha-2\maven-toolchain-3.0-alpha-2.jar;C:\Users\ahmed.mahdy\.m2\repository\org\apache\maven\shared\maven-artifact-transfer\0.11.0\maven-artifact-transfer-0.11.0.jar;C:\Users\ahmed.mahdy\.m2\repository\org\apache\maven\shared\maven-common-artifact-filters\3.0.1\maven-common-artifact-filters-3.0.1.jar;C:\Users\ahmed.mahdy\.m2\repository\org\apache\maven\surefire\surefire-shared-utils\3.0.0-M4\surefire-shared-utils-3.0.0-M4.jar;C:\Users\ahmed.mahdy\.m2\repository\io\github\bonigarcia\webdrivermanager\5.0.3\webdrivermanager-5.0.3.jar;C:\Users\ahmed.mahdy\.m2\repository\com\github\docker-java\docker-java\3.2.12\docker-java-3.2.12.jar;C:\Users\ahmed.mahdy\.m2\repository\com\github\docker-java\docker-java-core\3.2.12\docker-java-core-3.2.12.jar;C:\Users\ahmed.mahdy\.m2\repository\com\github\docker-java\docker-java-api\3.2.12\docker-java-api-3.2.12.jar;C:\Users\ahmed.mahdy\.m2\repository\com\fasterxml\jackson\core\jackson-annotations\2.10.3\jackson-annotations-2.10.3.jar;C:\Users\ahmed.mahdy\.m2\repository\commons-lang\commons-lang\2.6\commons-lang-2.6.jar;C:\Users\ahmed.mahdy\.m2\repository\com\fasterxml\jackson\core\jackson-databind\2.10.3\jackson-databind-2.10.3.jar;C:\Users\ahmed.mahdy\.m2\repository\com\fasterxml\jackson\core\jackson-core\2.10.3\jackson-core-2.10.3.jar;C:\Users\ahmed.mahdy\.m2\repository\com\github\docker-java\docker-java-transport-httpclient5\3.2.12\docker-java-transport-httpclient5-3.2.12.jar;C:\Users\ahmed.mahdy\.m2\repository\com\github\docker-java\docker-java-transport\3.2.12\docker-java-transport-3.2.12.jar;C:\Users\ahmed.mahdy\.m2\repository\org\apache\httpcomponents\client5\httpclient5\5.0.3\httpclient5-5.0.3.jar;C:\Users\ahmed.mahdy\.m2\repository\org\apache\httpcomponents\core5\httpcore5\5.0.2\httpcore5-5.0.2.jar;C:\Users\ahmed.mahdy\.m2\repository\net\java\dev\jna\jna\5.8.0\jna-5.8.0.jar;C:\Users\ahmed.mahdy\.m2\repository\org\brotli\dec\0.1.2\dec-0.1.2.jar;"/>
    <property name="sun.cpu.endian" value="little"/>
    <property name="user.home" value="C:\Users\ahmed.mahdy"/>
    <property name="user.language" value="en"/>
    <property name="java.specification.vendor" value="Oracle Corporation"/>
    <property name="java.version.date" value="2021-04-20"/>
    <property name="java.home" value="C:\Users\ahmed.mahdy\Downloads\jdk-11.0.11_windows-x64_bin\jdk-11.0.11"/>
    <property name="file.separator" value="\"/>
    <property name="basedir" value="C:\Users\ahmed.mahdy\Downloads\com.demo.selenium-master\Excel"/>
    <property name="java.vm.compressedOopsMode" value="32-bit"/>
    <property name="line.separator" value="&#10;"/>
    <property name="java.specification.name" value="Java Platform API Specification"/>
    <property name="java.vm.specification.vendor" value="Oracle Corporation"/>
    <property name="java.awt.graphicsenv" value="sun.awt.Win32GraphicsEnvironment"/>
    <property name="surefire.real.class.path" value="C:\Users\ahmed.mahdy\AppData\Local\Temp\surefire17726148465889107417\surefirebooter3463178171245959160.jar"/>
    <property name="user.script" value=""/>
    <property name="sun.management.compiler" value="HotSpot 64-Bit Tiered Compilers"/>
    <property name="java.runtime.version" value="11.0.11+9-LTS-194"/>
    <property name="user.name" value="ahmed.mahdy"/>
    <property name="path.separator" value=";"/>
    <property name="os.version" value="10.0"/>
    <property name="java.runtime.name" value="Java(TM) SE Runtime Environment"/>
    <property name="file.encoding" value="Cp1252"/>
    <property name="java.vm.name" value="Java HotSpot(TM) 64-Bit Server VM"/>
    <property name="java.vendor.version" value="18.9"/>
    <property name="localRepository" value="C:\Users\ahmed.mahdy\.m2\repository"/>
    <property name="java.vendor.url.bug" value="https://bugreport.java.com/bugreport/"/>
    <property name="java.io.tmpdir" value="C:\Users\AHMED~1.MAH\AppData\Local\Temp\"/>
    <property name="idea.version" value="2021.1.2"/>
    <property name="java.version" value="11.0.11"/>
    <property name="user.dir" value="C:\Users\ahmed.mahdy\Downloads\com.demo.selenium-master\Excel"/>
    <property name="os.arch" value="amd64"/>
    <property name="java.vm.specification.name" value="Java Virtual Machine Specification"/>
    <property name="java.awt.printerjob" value="sun.awt.windows.WPrinterJob"/>
    <property name="sun.os.patch.level" value=""/>
    <property name="java.library.path" value="C:\Users\ahmed.mahdy\Downloads\jdk-11.0.11_windows-x64_bin\jdk-11.0.11\bin;C:\Windows\Sun\Java\bin;C:\Windows\system32;C:\Windows;C:\Windows\system32;C:\Windows;C:\Windows\System32\Wbem;C:\Windows\System32\WindowsPowerShell\v1.0\;C:\Windows\System32\OpenSSH\;C:\Users\ahmed.mahdy\Downloads\jdk-11.0.11_windows-x64_bin\jdk-11.0.11\bin;C:\Users\ahmed.mahdy\Desktop\apache-maven-3.8.3-bin\apache-maven-3.8.3\bin;C:\Users\ahmed.mahdy\AppData\Local\Programs\Git\cmd;C:\Users\ahmed.mahdy\AppData\Local\Programs\Git\bin\git.exe;C:\Users\ahmed.mahdy\AppData\Local\Microsoft\WindowsApps;."/>
    <property name="java.vendor" value="Oracle Corporation"/>
    <property name="java.vm.info" value="mixed mode"/>
    <property name="java.vm.version" value="11.0.11+9-LTS-194"/>
    <property name="sun.io.unicode.encoding" value="UnicodeLittle"/>
    <property name="java.class.version" value="55.0"/>
  </properties>
  <testcase name="navigateToPartRiskPage[public void Pages.AppTest.navigateToPartRiskPage(java.lang.reflect.Method) throws java.io.IOException](1)" classname="Pages.AppTest" time="2.531">
    <system-out><![CDATA[chrome is selected to run
Before navigating to: 'https://test1.z2data.com/'
Navigated to:'https://test1.z2data.com/'
Trying to find Element By : By.xpath: //*[@id='Username']
Found Element By : By.xpath: //*[@id='Username']
Value of the:[[ChromeDriver: chrome on WINDOWS (8a18a079caee76f02f06ed54959d11fc)] -> xpath: //*[@id='Username']] before any changes made
Element value changed to: [[ChromeDriver: chrome on WINDOWS (8a18a079caee76f02f06ed54959d11fc)] -> xpath: //*[@id='Username']]
Trying to find Element By : By.id: Password
Found Element By : By.id: Password
Value of the:[[ChromeDriver: chrome on WINDOWS (8a18a079caee76f02f06ed54959d11fc)] -> id: Password] before any changes made
Element value changed to: [[ChromeDriver: chrome on WINDOWS (8a18a079caee76f02f06ed54959d11fc)] -> id: Password]
Trying to find Element By : By.xpath: /html/body/div/div/div/div[1]/div[2]/form/button
Found Element By : By.xpath: /html/body/div/div/div/div[1]/div[2]/form/button
Trying to click on: [[ChromeDriver: chrome on WINDOWS (8a18a079caee76f02f06ed54959d11fc)] -> xpath: /html/body/div/div/div/div[1]/div[2]/form/button]
Clicked on: [[ChromeDriver: chrome on WINDOWS (8a18a079caee76f02f06ed54959d11fc)] -> xpath: /html/body/div/div/div/div[1]/div[2]/form/button]
Before navigating to: 'https://test1.z2data.com/PartDetails?PartId=14'
Navigated to:'https://test1.z2data.com/PartDetails?PartId=14'
]]></system-out>
    <system-err><![CDATA[SLF4J: Failed to load class "org.slf4j.impl.StaticLoggerBinder".
SLF4J: Defaulting to no-operation (NOP) logger implementation
SLF4J: See http://www.slf4j.org/codes.html#StaticLoggerBinder for further details.
Starting ChromeDriver 95.0.4638.69 (6a1600ed572fedecd573b6c2b90a22fe6392a410-refs/branch-heads/4638@{#984}) on port 20042
Only local connections are allowed.
Please see https://chromedriver.chromium.org/security-considerations for suggestions on keeping ChromeDriver safe.
ChromeDriver was started successfully.
Nov 15, 2021 5:23:29 PM org.openqa.selenium.remote.ProtocolHandshake createSession
INFO: Detected dialect: W3C
]]></system-err>
  </testcase>
  <testcase name="get_MAN_MPN_Part_Details[public void Pages.AppTest.get_MAN_MPN_Part_Details(java.lang.reflect.Method) throws java.io.IOException,java.lang.InterruptedException](1)" classname="Pages.AppTest" time="4.1">
    <system-out><![CDATA[expected man = TLV6004IPWR | Texas Instruments Incorporated = Actul man = TLV6004IPWR | Texas Instruments Incorporated
]]></system-out>
  </testcase>
  <testcase name="get_MPN_Part_Details[public void Pages.AppTest.get_MPN_Part_Details(java.lang.reflect.Method) throws java.io.IOException](1)" classname="Pages.AppTest" time="0.054">
    <system-out><![CDATA[expected mpn = https://test1.z2data.com/PartDetails?PartId=14 = Actul mpn= https://test1.z2data.com/PartDetails?PartId=14
]]></system-out>
  </testcase>
  <testcase name="cardTagsExistInOverview[public void Pages.AppTest.cardTagsExistInOverview(java.lang.reflect.Method)](1)" classname="Pages.AppTest" time="0.062">
    <system-out><![CDATA[Trying to find Element By : By.xpath: //div[contains(text(),'Tags')]
Found Element By : By.xpath: //div[contains(text(),'Tags')]
]]></system-out>
  </testcase>
  <testcase name="cardPartScoreExistInOverview[public void Pages.AppTest.cardPartScoreExistInOverview(java.lang.reflect.Method)](1)" classname="Pages.AppTest" time="0.056">
    <system-out><![CDATA[Trying to find Element By : By.xpath: //*[@id='z2-2cols-sub-2cols-left']/app-part-scoreriskelastic/div/div[1]/div[1]
Found Element By : By.xpath: //*[@id='z2-2cols-sub-2cols-left']/app-part-scoreriskelastic/div/div[1]/div[1]
]]></system-out>
  </testcase>
  <testcase name="cardObsolescenceExistInOverview[public void Pages.AppTest.cardObsolescenceExistInOverview(java.lang.reflect.Method)](1)" classname="Pages.AppTest" time="0.163">
    <system-out><![CDATA[Trying to find Element By : By.xpath: //*[@id='obsolescenceCard']/app-partscore-obsolescence-activeelastic/div/div[1]/div[1]
Found Element By : By.xpath: //*[@id='obsolescenceCard']/app-partscore-obsolescence-activeelastic/div/div[1]/div[1]
Trying to click on: [[ChromeDriver: chrome on WINDOWS (8a18a079caee76f02f06ed54959d11fc)] -> xpath: //*[@id='obsolescenceCard']/app-partscore-obsolescence-activeelastic/div/div[1]/div[1]]
Clicked on: [[ChromeDriver: chrome on WINDOWS (8a18a079caee76f02f06ed54959d11fc)] -> xpath: //*[@id='obsolescenceCard']/app-partscore-obsolescence-activeelastic/div/div[1]/div[1]]
]]></system-out>
  </testcase>
  <testcase name="cardPartSummaryExistInOverview[public void Pages.AppTest.cardPartSummaryExistInOverview(java.lang.reflect.Method)](1)" classname="Pages.AppTest" time="0.055">
    <system-out><![CDATA[Trying to find Element By : By.xpath: //*[@id='z2-2cols-sub-2cols-left']/app-partscore-summaryelastic/div/div[1]/div
Found Element By : By.xpath: //*[@id='z2-2cols-sub-2cols-left']/app-partscore-summaryelastic/div/div[1]/div
]]></system-out>
  </testcase>
  <testcase name="cardComplianceExistInOverview[public void Pages.AppTest.cardComplianceExistInOverview(java.lang.reflect.Method)](1)" classname="Pages.AppTest" time="0.076">
    <system-out><![CDATA[Trying to find Element By : By.xpath: //*[@id='z2-2cols-sub-2cols-left']/app-compliance-details-card/div/div[1]/div[1]
Found Element By : By.xpath: //*[@id='z2-2cols-sub-2cols-left']/app-compliance-details-card/div/div[1]/div[1]
]]></system-out>
  </testcase>
  <testcase name="cardMarketAvalibiltyExistInOverview[public void Pages.AppTest.cardMarketAvalibiltyExistInOverview(java.lang.reflect.Method)](1)" classname="Pages.AppTest" time="0.06">
    <system-out><![CDATA[Trying to find Element By : By.xpath: //*[@id='marketavalibiltyCard']/div[1]/div
Found Element By : By.xpath: //*[@id='marketavalibiltyCard']/div[1]/div
]]></system-out>
  </testcase>
  <testcase name="cardMulitSourceExistInOverview[public void Pages.AppTest.cardMulitSourceExistInOverview(java.lang.reflect.Method)](1)" classname="Pages.AppTest" time="2.174">
    <system-out><![CDATA[Trying to find Element By : By.xpath: //*[@id='mulitsourceCard']/div[1]/div
Found Element By : By.xpath: //*[@id='mulitsourceCard']/div[1]/div
]]></system-out>
  </testcase>
  <testcase name="PartScoreExistInOverview[public void Pages.AppTest.PartScoreExistInOverview(java.lang.reflect.Method) throws java.io.IOException](1)" classname="Pages.AppTest" time="0.077">
    <system-out><![CDATA[Trying to find Element By : By.xpath: //*[@id='z2-2cols-sub-2cols-left']/app-part-scoreriskelastic/div/div[1]/div[2]/div/div[2]
Found Element By : By.xpath: //*[@id='z2-2cols-sub-2cols-left']/app-part-scoreriskelastic/div/div[1]/div[2]/div/div[2]
got a text : [[ChromeDriver: chrome on WINDOWS (8a18a079caee76f02f06ed54959d11fc)] -> xpath: //*[@id='z2-2cols-sub-2cols-left']/app-part-scoreriskelastic/div/div[1]/div[2]/div/div[2]]
]]></system-out>
  </testcase>
  <testcase name="ObsolescenceRisk_PartScorecard[public void Pages.AppTest.ObsolescenceRisk_PartScorecard(java.lang.reflect.Method) throws java.io.IOException](1)" classname="Pages.AppTest" time="0.11">
    <system-out><![CDATA[Trying to find Element By : By.xpath: //*[@id='z2-2cols-sub-2cols-left']/app-part-scoreriskelastic/div/div[2]/div/div/div[1]/div/div[2]/div[1]
Found Element By : By.xpath: //*[@id='z2-2cols-sub-2cols-left']/app-part-scoreriskelastic/div/div[2]/div/div/div[1]/div/div[2]/div[1]
got a text : [[ChromeDriver: chrome on WINDOWS (8a18a079caee76f02f06ed54959d11fc)] -> xpath: //*[@id='z2-2cols-sub-2cols-left']/app-part-scoreriskelastic/div/div[2]/div/div/div[1]/div/div[2]/div[1]]
]]></system-out>
  </testcase>
  <testcase name="ComplianceRisk_PartScorecard[public void Pages.AppTest.ComplianceRisk_PartScorecard(java.lang.reflect.Method) throws java.io.IOException](1)" classname="Pages.AppTest" time="0.079">
    <system-out><![CDATA[Trying to find Element By : By.xpath: //*[@id='z2-2cols-sub-2cols-left']/app-part-scoreriskelastic/div/div[2]/div/div/div[2]/div/div[2]/div[1]
Found Element By : By.xpath: //*[@id='z2-2cols-sub-2cols-left']/app-part-scoreriskelastic/div/div[2]/div/div/div[2]/div/div[2]/div[1]
got a text : [[ChromeDriver: chrome on WINDOWS (8a18a079caee76f02f06ed54959d11fc)] -> xpath: //*[@id='z2-2cols-sub-2cols-left']/app-part-scoreriskelastic/div/div[2]/div/div/div[2]/div/div[2]/div[1]]
]]></system-out>
  </testcase>
  <testcase name="MarketRisk_PartScorecard[public void Pages.AppTest.MarketRisk_PartScorecard(java.lang.reflect.Method) throws java.io.IOException](1)" classname="Pages.AppTest" time="0.093">
    <system-out><![CDATA[Trying to find Element By : By.xpath: //*[@id='z2-2cols-sub-2cols-left']/app-part-scoreriskelastic/div/div[2]/div/div/div[3]/div/div[2]/div[1]
Found Element By : By.xpath: //*[@id='z2-2cols-sub-2cols-left']/app-part-scoreriskelastic/div/div[2]/div/div/div[3]/div/div[2]/div[1]
got a text : [[ChromeDriver: chrome on WINDOWS (8a18a079caee76f02f06ed54959d11fc)] -> xpath: //*[@id='z2-2cols-sub-2cols-left']/app-part-scoreriskelastic/div/div[2]/div/div/div[3]/div/div[2]/div[1]]
]]></system-out>
  </testcase>
  <testcase name="TechnologyRisk_PartScorecard[public void Pages.AppTest.TechnologyRisk_PartScorecard(java.lang.reflect.Method) throws java.io.IOException](1)" classname="Pages.AppTest" time="0.079">
    <system-out><![CDATA[Trying to find Element By : By.xpath: //*[@id='z2-2cols-sub-2cols-left']/app-part-scoreriskelastic/div/div[2]/div/div/div[4]/div/div[2]/div[1]
Found Element By : By.xpath: //*[@id='z2-2cols-sub-2cols-left']/app-part-scoreriskelastic/div/div[2]/div/div/div[4]/div/div[2]/div[1]
got a text : [[ChromeDriver: chrome on WINDOWS (8a18a079caee76f02f06ed54959d11fc)] -> xpath: //*[@id='z2-2cols-sub-2cols-left']/app-part-scoreriskelastic/div/div[2]/div/div/div[4]/div/div[2]/div[1]]
]]></system-out>
  </testcase>
  <testcase name="MultiSourcingRisk_PartScorecard[public void Pages.AppTest.MultiSourcingRisk_PartScorecard(java.lang.reflect.Method) throws java.io.IOException](1)" classname="Pages.AppTest" time="0.081">
    <system-out><![CDATA[Trying to find Element By : By.xpath: //*[@id='z2-2cols-sub-2cols-left']/app-part-scoreriskelastic/div/div[2]/div/div/div[5]/div/div[2]/div[1]
Found Element By : By.xpath: //*[@id='z2-2cols-sub-2cols-left']/app-part-scoreriskelastic/div/div[2]/div/div/div[5]/div/div[2]/div[1]
got a text : [[ChromeDriver: chrome on WINDOWS (8a18a079caee76f02f06ed54959d11fc)] -> xpath: //*[@id='z2-2cols-sub-2cols-left']/app-part-scoreriskelastic/div/div[2]/div/div/div[5]/div/div[2]/div[1]]
]]></system-out>
  </testcase>
  <testcase name="SupplierScoreRisk_PartScorecard[public void Pages.AppTest.SupplierScoreRisk_PartScorecard(java.lang.reflect.Method) throws java.io.IOException](1)" classname="Pages.AppTest" time="0.069">
    <system-out><![CDATA[Trying to find Element By : By.xpath: //*[@id='z2-2cols-sub-2cols-left']/app-part-scoreriskelastic/div/div[2]/div/div/div[6]/div/div[2]/div[1]
Found Element By : By.xpath: //*[@id='z2-2cols-sub-2cols-left']/app-part-scoreriskelastic/div/div[2]/div/div/div[6]/div/div[2]/div[1]
got a text : [[ChromeDriver: chrome on WINDOWS (8a18a079caee76f02f06ed54959d11fc)] -> xpath: //*[@id='z2-2cols-sub-2cols-left']/app-part-scoreriskelastic/div/div[2]/div/div/div[6]/div/div[2]/div[1]]
]]></system-out>
  </testcase>
  <testcase name="uploadBom[public void Pages.uploadBomTest.uploadBom(java.lang.reflect.Method) throws java.lang.InterruptedException,java.awt.AWTException,java.io.IOException](1)" classname="Pages.uploadBomTest" time="59.936">
    <system-out><![CDATA[chrome is selected to run
Before navigating to: 'https://test1.z2data.com/'
Navigated to:'https://test1.z2data.com/'
Trying to find Element By : By.xpath: //*[@id='Username']
Found Element By : By.xpath: //*[@id='Username']
Value of the:[[ChromeDriver: chrome on WINDOWS (3b922945d8ce4db993558946af515998)] -> xpath: //*[@id='Username']] before any changes made
Element value changed to: [[ChromeDriver: chrome on WINDOWS (3b922945d8ce4db993558946af515998)] -> xpath: //*[@id='Username']]
Trying to find Element By : By.id: Password
Found Element By : By.id: Password
Value of the:[[ChromeDriver: chrome on WINDOWS (3b922945d8ce4db993558946af515998)] -> id: Password] before any changes made
Element value changed to: [[ChromeDriver: chrome on WINDOWS (3b922945d8ce4db993558946af515998)] -> id: Password]
Trying to find Element By : By.xpath: /html/body/div/div/div/div[1]/div[2]/form/button
Found Element By : By.xpath: /html/body/div/div/div/div[1]/div[2]/form/button
Trying to click on: [[ChromeDriver: chrome on WINDOWS (3b922945d8ce4db993558946af515998)] -> xpath: /html/body/div/div/div/div[1]/div[2]/form/button]
Clicked on: [[ChromeDriver: chrome on WINDOWS (3b922945d8ce4db993558946af515998)] -> xpath: /html/body/div/div/div/div[1]/div[2]/form/button]
Trying to find Element By : By.xpath: //span[normalize-space()='Part Risk Manager']
Found Element By : By.xpath: //span[normalize-space()='Part Risk Manager']
Trying to click on: [[ChromeDriver: chrome on WINDOWS (3b922945d8ce4db993558946af515998)] -> xpath: //span[normalize-space()='Part Risk Manager']]
Clicked on: [[ChromeDriver: chrome on WINDOWS (3b922945d8ce4db993558946af515998)] -> xpath: //span[normalize-space()='Part Risk Manager']]
Trying to find Element By : By.xpath: //button[normalize-space()='Upload BOM']
Found Element By : By.xpath: //button[normalize-space()='Upload BOM']
Trying to click on: [[ChromeDriver: chrome on WINDOWS (3b922945d8ce4db993558946af515998)] -> xpath: //button[normalize-space()='Upload BOM']]
Clicked on: [[ChromeDriver: chrome on WINDOWS (3b922945d8ce4db993558946af515998)] -> xpath: //button[normalize-space()='Upload BOM']]
Trying to find Element By : By.xpath: (//select[@class='form-control px-05'])[1]
Found Element By : By.xpath: (//select[@class='form-control px-05'])[1]
Trying to find Element By : By.xpath: .//option[@value = "f8f063d5-2332-407e-bc8d-329bed458f9d"]
Found Element By : By.xpath: .//option[@value = "f8f063d5-2332-407e-bc8d-329bed458f9d"]
Trying to click on: [[[[ChromeDriver: chrome on WINDOWS (3b922945d8ce4db993558946af515998)] -> xpath: (//select[@class='form-control px-05'])[1]]] -> xpath: .//option[@value = "f8f063d5-2332-407e-bc8d-329bed458f9d"]]
Clicked on: [[[[ChromeDriver: chrome on WINDOWS (3b922945d8ce4db993558946af515998)] -> xpath: (//select[@class='form-control px-05'])[1]]] -> xpath: .//option[@value = "f8f063d5-2332-407e-bc8d-329bed458f9d"]]
Trying to find Element By : By.xpath: (//select[@class='form-control px-05'])[2]
Found Element By : By.xpath: (//select[@class='form-control px-05'])[2]
Trying to find Element By : By.xpath: .//option[@value = "28649cd3-39ab-4d16-944b-110659125571"]
Found Element By : By.xpath: .//option[@value = "28649cd3-39ab-4d16-944b-110659125571"]
Trying to click on: [[[[ChromeDriver: chrome on WINDOWS (3b922945d8ce4db993558946af515998)] -> xpath: (//select[@class='form-control px-05'])[2]]] -> xpath: .//option[@value = "28649cd3-39ab-4d16-944b-110659125571"]]
Clicked on: [[[[ChromeDriver: chrome on WINDOWS (3b922945d8ce4db993558946af515998)] -> xpath: (//select[@class='form-control px-05'])[2]]] -> xpath: .//option[@value = "28649cd3-39ab-4d16-944b-110659125571"]]
Trying to find Element By : By.xpath: (//select[@class='form-control px-05'])[3]
Found Element By : By.xpath: (//select[@class='form-control px-05'])[3]
Trying to find Element By : By.xpath: .//option[@value = "abdd1dfb-b930-4947-987f-00fc40b2752b"]
Found Element By : By.xpath: .//option[@value = "abdd1dfb-b930-4947-987f-00fc40b2752b"]
Trying to click on: [[[[ChromeDriver: chrome on WINDOWS (3b922945d8ce4db993558946af515998)] -> xpath: (//select[@class='form-control px-05'])[3]]] -> xpath: .//option[@value = "abdd1dfb-b930-4947-987f-00fc40b2752b"]]
Clicked on: [[[[ChromeDriver: chrome on WINDOWS (3b922945d8ce4db993558946af515998)] -> xpath: (//select[@class='form-control px-05'])[3]]] -> xpath: .//option[@value = "abdd1dfb-b930-4947-987f-00fc40b2752b"]]
Trying to find Element By : By.xpath: //*[@id='DivUploadBomFile']/div[1]/div[3]/div/button[2]
Found Element By : By.xpath: //*[@id='DivUploadBomFile']/div[1]/div[3]/div/button[2]
Trying to click on: [[ChromeDriver: chrome on WINDOWS (3b922945d8ce4db993558946af515998)] -> xpath: //*[@id='DivUploadBomFile']/div[1]/div[3]/div/button[2]]
Clicked on: [[ChromeDriver: chrome on WINDOWS (3b922945d8ce4db993558946af515998)] -> xpath: //*[@id='DivUploadBomFile']/div[1]/div[3]/div/button[2]]
Trying to find Element By : By.xpath: //*[@id='bomdropzone']/div/span[1]
Found Element By : By.xpath: //*[@id='bomdropzone']/div/span[1]
Trying to click on: [[ChromeDriver: chrome on WINDOWS (3b922945d8ce4db993558946af515998)] -> xpath: //*[@id='bomdropzone']/div/span[1]]
Clicked on: [[ChromeDriver: chrome on WINDOWS (3b922945d8ce4db993558946af515998)] -> xpath: //*[@id='bomdropzone']/div/span[1]]
Trying to find Element By : By.xpath: //*[@id='DivUploadBomFile']/div[2]/div[2]/button
Found Element By : By.xpath: //*[@id='DivUploadBomFile']/div[2]/div[2]/button
Trying to click on: [[ChromeDriver: chrome on WINDOWS (3b922945d8ce4db993558946af515998)] -> xpath: //*[@id='DivUploadBomFile']/div[2]/div[2]/button]
Clicked on: [[ChromeDriver: chrome on WINDOWS (3b922945d8ce4db993558946af515998)] -> xpath: //*[@id='DivUploadBomFile']/div[2]/div[2]/button]
Trying to find Element By : By.xpath: //*[@id='RemainMainPage']/div/app-uploadbom-steptwo/div/div/div[1]/div[3]/div/button[2]
Found Element By : By.xpath: //*[@id='RemainMainPage']/div/app-uploadbom-steptwo/div/div/div[1]/div[3]/div/button[2]
Trying to click on: [[ChromeDriver: chrome on WINDOWS (3b922945d8ce4db993558946af515998)] -> xpath: //*[@id='RemainMainPage']/div/app-uploadbom-steptwo/div/div/div[1]/div[3]/div/button[2]]
Clicked on: [[ChromeDriver: chrome on WINDOWS (3b922945d8ce4db993558946af515998)] -> xpath: //*[@id='RemainMainPage']/div/app-uploadbom-steptwo/div/div/div[1]/div[3]/div/button[2]]
Trying to find Element By : By.xpath: //*[@id='RemainMainPage']/div/app-uploadbom-stepthree/div[4]/div[1]/div/div/div[1]/div/div[2]/input
Found Element By : By.xpath: //*[@id='RemainMainPage']/div/app-uploadbom-stepthree/div[4]/div[1]/div/div/div[1]/div/div[2]/input
Value of the:[[ChromeDriver: chrome on WINDOWS (3b922945d8ce4db993558946af515998)] -> xpath: //*[@id='RemainMainPage']/div/app-uploadbom-stepthree/div[4]/div[1]/div/div/div[1]/div/div[2]/input] before any changes made
Element value changed to: [[ChromeDriver: chrome on WINDOWS (3b922945d8ce4db993558946af515998)] -> xpath: //*[@id='RemainMainPage']/div/app-uploadbom-stepthree/div[4]/div[1]/div/div/div[1]/div/div[2]/input]
Trying to find Element By : By.xpath: //*[@id='RemainMainPage']/div/app-uploadbom-stepthree/div[4]/div[1]/div/div/div[2]/a/div[2]
Found Element By : By.xpath: //*[@id='RemainMainPage']/div/app-uploadbom-stepthree/div[4]/div[1]/div/div/div[2]/a/div[2]
Trying to click on: [[ChromeDriver: chrome on WINDOWS (3b922945d8ce4db993558946af515998)] -> xpath: //*[@id='RemainMainPage']/div/app-uploadbom-stepthree/div[4]/div[1]/div/div/div[2]/a/div[2]]
Clicked on: [[ChromeDriver: chrome on WINDOWS (3b922945d8ce4db993558946af515998)] -> xpath: //*[@id='RemainMainPage']/div/app-uploadbom-stepthree/div[4]/div[1]/div/div/div[2]/a/div[2]]
Trying to find Element By : By.xpath: //*[@id='RemainMainPage']/div/app-uploadbom-stepthree/div[2]/div[2]/div[1]/div[2]/div/input
Found Element By : By.xpath: //*[@id='RemainMainPage']/div/app-uploadbom-stepthree/div[2]/div[2]/div[1]/div[2]/div/input
Value of the:[[ChromeDriver: chrome on WINDOWS (3b922945d8ce4db993558946af515998)] -> xpath: //*[@id='RemainMainPage']/div/app-uploadbom-stepthree/div[2]/div[2]/div[1]/div[2]/div/input] before any changes made
Element value changed to: [[ChromeDriver: chrome on WINDOWS (3b922945d8ce4db993558946af515998)] -> xpath: //*[@id='RemainMainPage']/div/app-uploadbom-stepthree/div[2]/div[2]/div[1]/div[2]/div/input]
Trying to find Element By : By.xpath: //*[@id='RemainMainPage']/div/app-uploadbom-stepthree/div[2]/div[2]/div[2]/div/div/div/div/div/ngx-treeview/div[2]/div/ngx-treeview-item/div/div[1]/div/span
Found Element By : By.xpath: //*[@id='RemainMainPage']/div/app-uploadbom-stepthree/div[2]/div[2]/div[2]/div/div/div/div/div/ngx-treeview/div[2]/div/ngx-treeview-item/div/div[1]/div/span
Trying to find Element By : By.xpath: //*[@id='RemainMainPage']/div/app-uploadbom-stepthree/div[1]/div[3]/div/button
Found Element By : By.xpath: //*[@id='RemainMainPage']/div/app-uploadbom-stepthree/div[1]/div[3]/div/button
Trying to click on: [[ChromeDriver: chrome on WINDOWS (3b922945d8ce4db993558946af515998)] -> xpath: //*[@id='RemainMainPage']/div/app-uploadbom-stepthree/div[1]/div[3]/div/button]
Clicked on: [[ChromeDriver: chrome on WINDOWS (3b922945d8ce4db993558946af515998)] -> xpath: //*[@id='RemainMainPage']/div/app-uploadbom-stepthree/div[1]/div[3]/div/button]
Trying to find Element By : By.xpath: //*[@id='dashboard_content']/div/div/div[2]/app-dashboard-bominfo-elastic/table[1]/tbody/tr[2]/td[2]/span[2]
Found Element By : By.xpath: //*[@id='dashboard_content']/div/div/div[2]/app-dashboard-bominfo-elastic/table[1]/tbody/tr[2]/td[2]/span[2]
got a text : [[ChromeDriver: chrome on WINDOWS (3b922945d8ce4db993558946af515998)] -> xpath: //*[@id='dashboard_content']/div/div/div[2]/app-dashboard-bominfo-elastic/table[1]/tbody/tr[2]/td[2]/span[2]]
Total counts  10
row in excel = 10
https://test1.z2data.com/RiskManagerElastic/Dashboard?BomId=84219745-c459-4c02-9129-fa7d1bab70ea&dType=2
]]></system-out>
    <system-err><![CDATA[Starting ChromeDriver 95.0.4638.69 (6a1600ed572fedecd573b6c2b90a22fe6392a410-refs/branch-heads/4638@{#984}) on port 25124
Only local connections are allowed.
Please see https://chromedriver.chromium.org/security-considerations for suggestions on keeping ChromeDriver safe.
ChromeDriver was started successfully.
Nov 15, 2021 5:24:00 PM org.openqa.selenium.remote.ProtocolHandshake createSession
INFO: Detected dialect: W3C
]]></system-err>
  </testcase>
  <testcase name="create_Alert_from_Header[public void Pages.creatAlertTest.create_Alert_from_Header(java.lang.reflect.Method) throws java.lang.InterruptedException](1)" classname="Pages.creatAlertTest" time="12.062">
    <system-out><![CDATA[chrome is selected to run
Before navigating to: 'https://test1.z2data.com/'
Navigated to:'https://test1.z2data.com/'
Trying to find Element By : By.xpath: //*[@id='Username']
Found Element By : By.xpath: //*[@id='Username']
Value of the:[[ChromeDriver: chrome on WINDOWS (d33bf959adc8f5200a024144afd48776)] -> xpath: //*[@id='Username']] before any changes made
Element value changed to: [[ChromeDriver: chrome on WINDOWS (d33bf959adc8f5200a024144afd48776)] -> xpath: //*[@id='Username']]
Trying to find Element By : By.id: Password
Found Element By : By.id: Password
Value of the:[[ChromeDriver: chrome on WINDOWS (d33bf959adc8f5200a024144afd48776)] -> id: Password] before any changes made
Element value changed to: [[ChromeDriver: chrome on WINDOWS (d33bf959adc8f5200a024144afd48776)] -> id: Password]
Trying to find Element By : By.xpath: /html/body/div/div/div/div[1]/div[2]/form/button
Found Element By : By.xpath: /html/body/div/div/div/div[1]/div[2]/form/button
Trying to click on: [[ChromeDriver: chrome on WINDOWS (d33bf959adc8f5200a024144afd48776)] -> xpath: /html/body/div/div/div/div[1]/div[2]/form/button]
Clicked on: [[ChromeDriver: chrome on WINDOWS (d33bf959adc8f5200a024144afd48776)] -> xpath: /html/body/div/div/div/div[1]/div[2]/form/button]
Trying to find Element By : By.xpath: //span[normalize-space()='Part Risk Manager']
Found Element By : By.xpath: //span[normalize-space()='Part Risk Manager']
Trying to click on: [[ChromeDriver: chrome on WINDOWS (d33bf959adc8f5200a024144afd48776)] -> xpath: //span[normalize-space()='Part Risk Manager']]
Clicked on: [[ChromeDriver: chrome on WINDOWS (d33bf959adc8f5200a024144afd48776)] -> xpath: //span[normalize-space()='Part Risk Manager']]
Trying to find Element By : By.xpath: //*[@id='RemainMainPage']/app-homepage/app-main-parts-subheader/div/div[2]/app-create-alert-new/button
Found Element By : By.xpath: //*[@id='RemainMainPage']/app-homepage/app-main-parts-subheader/div/div[2]/app-create-alert-new/button
Trying to click on: [[ChromeDriver: chrome on WINDOWS (d33bf959adc8f5200a024144afd48776)] -> xpath: //*[@id='RemainMainPage']/app-homepage/app-main-parts-subheader/div/div[2]/app-create-alert-new/button]
Clicked on: [[ChromeDriver: chrome on WINDOWS (d33bf959adc8f5200a024144afd48776)] -> xpath: //*[@id='RemainMainPage']/app-homepage/app-main-parts-subheader/div/div[2]/app-create-alert-new/button]
Trying to find Element By : By.xpath: //*[@id='dropbg']/div/div/div[2]/div[1]/div/input
Found Element By : By.xpath: //*[@id='dropbg']/div/div/div[2]/div[1]/div/input
Value of the:[[ChromeDriver: chrome on WINDOWS (d33bf959adc8f5200a024144afd48776)] -> xpath: //*[@id='dropbg']/div/div/div[2]/div[1]/div/input] before any changes made
Element value changed to: [[ChromeDriver: chrome on WINDOWS (d33bf959adc8f5200a024144afd48776)] -> xpath: //*[@id='dropbg']/div/div/div[2]/div[1]/div/input]
Trying to find Element By : By.xpath: //*[@id='radioCheckerThreellParts']/div[1]/label/span
Found Element By : By.xpath: //*[@id='radioCheckerThreellParts']/div[1]/label/span
Trying to click on: [[ChromeDriver: chrome on WINDOWS (d33bf959adc8f5200a024144afd48776)] -> xpath: //*[@id='radioCheckerThreellParts']/div[1]/label/span]
Clicked on: [[ChromeDriver: chrome on WINDOWS (d33bf959adc8f5200a024144afd48776)] -> xpath: //*[@id='radioCheckerThreellParts']/div[1]/label/span]
Trying to find Element By : By.xpath: //*[@id='dropbg']/div/div/div[2]/div[3]/div/div[1]/button
Found Element By : By.xpath: //*[@id='dropbg']/div/div/div[2]/div[3]/div/div[1]/button
Trying to click on: [[ChromeDriver: chrome on WINDOWS (d33bf959adc8f5200a024144afd48776)] -> xpath: //*[@id='dropbg']/div/div/div[2]/div[3]/div/div[1]/button]
Clicked on: [[ChromeDriver: chrome on WINDOWS (d33bf959adc8f5200a024144afd48776)] -> xpath: //*[@id='dropbg']/div/div/div[2]/div[3]/div/div[1]/button]
Trying to find Element By : By.xpath: //*[@id='dropbg']/div/div/div[2]/div[7]/input
Found Element By : By.xpath: //*[@id='dropbg']/div/div/div[2]/div[7]/input
Value of the:[[ChromeDriver: chrome on WINDOWS (d33bf959adc8f5200a024144afd48776)] -> xpath: //*[@id='dropbg']/div/div/div[2]/div[7]/input] before any changes made
Element value changed to: [[ChromeDriver: chrome on WINDOWS (d33bf959adc8f5200a024144afd48776)] -> xpath: //*[@id='dropbg']/div/div/div[2]/div[7]/input]
Trying to find Element By : By.xpath: //*[@id='dropbg']/div/div/div[2]/div[7]/div[3]/a
Found Element By : By.xpath: //*[@id='dropbg']/div/div/div[2]/div[7]/div[3]/a
Trying to click on: [[ChromeDriver: chrome on WINDOWS (d33bf959adc8f5200a024144afd48776)] -> xpath: //*[@id='dropbg']/div/div/div[2]/div[7]/div[3]/a]
Clicked on: [[ChromeDriver: chrome on WINDOWS (d33bf959adc8f5200a024144afd48776)] -> xpath: //*[@id='dropbg']/div/div/div[2]/div[7]/div[3]/a]
Trying to find Element By : By.xpath: //*[@id='dropbg']/div/div/div[2]/button
Found Element By : By.xpath: //*[@id='dropbg']/div/div/div[2]/button
Trying to click on: [[ChromeDriver: chrome on WINDOWS (d33bf959adc8f5200a024144afd48776)] -> xpath: //*[@id='dropbg']/div/div/div[2]/button]
Clicked on: [[ChromeDriver: chrome on WINDOWS (d33bf959adc8f5200a024144afd48776)] -> xpath: //*[@id='dropbg']/div/div/div[2]/button]
]]></system-out>
    <system-err><![CDATA[Starting ChromeDriver 95.0.4638.69 (6a1600ed572fedecd573b6c2b90a22fe6392a410-refs/branch-heads/4638@{#984}) on port 16667
Only local connections are allowed.
Please see https://chromedriver.chromium.org/security-considerations for suggestions on keeping ChromeDriver safe.
ChromeDriver was started successfully.
Nov 15, 2021 5:25:18 PM org.openqa.selenium.remote.ProtocolHandshake createSession
INFO: Detected dialect: W3C
]]></system-err>
  </testcase>
  <testcase name="Validate_can_Submit_Ticket[public void Pages.SubmitTicketTest.Validate_can_Submit_Ticket(java.lang.reflect.Method) throws java.awt.AWTException](1)" classname="Pages.SubmitTicketTest" time="4.023">
    <system-out><![CDATA[chrome is selected to run
Before navigating to: 'https://test1.z2data.com/'
Navigated to:'https://test1.z2data.com/'
Trying to find Element By : By.xpath: //*[@id='Username']
Found Element By : By.xpath: //*[@id='Username']
Value of the:[[ChromeDriver: chrome on WINDOWS (0c93506f3313ae675cbbd4ed30c11a18)] -> xpath: //*[@id='Username']] before any changes made
Element value changed to: [[ChromeDriver: chrome on WINDOWS (0c93506f3313ae675cbbd4ed30c11a18)] -> xpath: //*[@id='Username']]
Trying to find Element By : By.id: Password
Found Element By : By.id: Password
Value of the:[[ChromeDriver: chrome on WINDOWS (0c93506f3313ae675cbbd4ed30c11a18)] -> id: Password] before any changes made
Element value changed to: [[ChromeDriver: chrome on WINDOWS (0c93506f3313ae675cbbd4ed30c11a18)] -> id: Password]
Trying to find Element By : By.xpath: /html/body/div/div/div/div[1]/div[2]/form/button
Found Element By : By.xpath: /html/body/div/div/div/div[1]/div[2]/form/button
Trying to click on: [[ChromeDriver: chrome on WINDOWS (0c93506f3313ae675cbbd4ed30c11a18)] -> xpath: /html/body/div/div/div/div[1]/div[2]/form/button]
Clicked on: [[ChromeDriver: chrome on WINDOWS (0c93506f3313ae675cbbd4ed30c11a18)] -> xpath: /html/body/div/div/div/div[1]/div[2]/form/button]
Trying to find Element By : By.xpath: //span[normalize-space()='Part Risk Manager']
Found Element By : By.xpath: //span[normalize-space()='Part Risk Manager']
Trying to click on: [[ChromeDriver: chrome on WINDOWS (0c93506f3313ae675cbbd4ed30c11a18)] -> xpath: //span[normalize-space()='Part Risk Manager']]
Clicked on: [[ChromeDriver: chrome on WINDOWS (0c93506f3313ae675cbbd4ed30c11a18)] -> xpath: //span[normalize-space()='Part Risk Manager']]
Trying to find Element By : By.xpath: //*[@id='RemainMainPage']/app-homepage/app-main-parts-subheader/div/div[2]/app-submitticket/button
Found Element By : By.xpath: //*[@id='RemainMainPage']/app-homepage/app-main-parts-subheader/div/div[2]/app-submitticket/button
Trying to click on: [[ChromeDriver: chrome on WINDOWS (0c93506f3313ae675cbbd4ed30c11a18)] -> xpath: //*[@id='RemainMainPage']/app-homepage/app-main-parts-subheader/div/div[2]/app-submitticket/button]
Clicked on: [[ChromeDriver: chrome on WINDOWS (0c93506f3313ae675cbbd4ed30c11a18)] -> xpath: //*[@id='RemainMainPage']/app-homepage/app-main-parts-subheader/div/div[2]/app-submitticket/button]
Trying to find Element By : By.xpath: //*[@id='ti-1']/div[1]/div[2]/div[4]/div
Found Element By : By.xpath: //*[@id='ti-1']/div[1]/div[2]/div[4]/div
Trying to click on: [[ChromeDriver: chrome on WINDOWS (0c93506f3313ae675cbbd4ed30c11a18)] -> xpath: //*[@id='ti-1']/div[1]/div[2]/div[4]/div]
Clicked on: [[ChromeDriver: chrome on WINDOWS (0c93506f3313ae675cbbd4ed30c11a18)] -> xpath: //*[@id='ti-1']/div[1]/div[2]/div[4]/div]
Trying to find Element By : By.xpath: //*[@id='ti-1']/div[2]/div[2]/input
Found Element By : By.xpath: //*[@id='ti-1']/div[2]/div[2]/input
Value of the:[[ChromeDriver: chrome on WINDOWS (0c93506f3313ae675cbbd4ed30c11a18)] -> xpath: //*[@id='ti-1']/div[2]/div[2]/input] before any changes made
Element value changed to: [[ChromeDriver: chrome on WINDOWS (0c93506f3313ae675cbbd4ed30c11a18)] -> xpath: //*[@id='ti-1']/div[2]/div[2]/input]
Trying to find Element By : By.xpath: //*[@id='ti-1']/div[3]/div[2]/textarea
Found Element By : By.xpath: //*[@id='ti-1']/div[3]/div[2]/textarea
Value of the:[[ChromeDriver: chrome on WINDOWS (0c93506f3313ae675cbbd4ed30c11a18)] -> xpath: //*[@id='ti-1']/div[3]/div[2]/textarea] before any changes made
Element value changed to: [[ChromeDriver: chrome on WINDOWS (0c93506f3313ae675cbbd4ed30c11a18)] -> xpath: //*[@id='ti-1']/div[3]/div[2]/textarea]
Trying to find Element By : By.xpath: //*[@id='ti-1']/div[4]/div[2]/div/button
Found Element By : By.xpath: //*[@id='ti-1']/div[4]/div[2]/div/button
Trying to click on: [[ChromeDriver: chrome on WINDOWS (0c93506f3313ae675cbbd4ed30c11a18)] -> xpath: //*[@id='ti-1']/div[4]/div[2]/div/button]
Clicked on: [[ChromeDriver: chrome on WINDOWS (0c93506f3313ae675cbbd4ed30c11a18)] -> xpath: //*[@id='ti-1']/div[4]/div[2]/div/button]
Trying to find Element By : By.xpath: //*[@id='ti-1']/button
Found Element By : By.xpath: //*[@id='ti-1']/button
Trying to click on: [[ChromeDriver: chrome on WINDOWS (0c93506f3313ae675cbbd4ed30c11a18)] -> xpath: //*[@id='ti-1']/button]
Clicked on: [[ChromeDriver: chrome on WINDOWS (0c93506f3313ae675cbbd4ed30c11a18)] -> xpath: //*[@id='ti-1']/button]
Trying to find Element By : By.xpath: //*[@id='ti-2']/div[2]/h3
Found Element By : By.xpath: //*[@id='ti-2']/div[2]/h3
got a text : [[ChromeDriver: chrome on WINDOWS (0c93506f3313ae675cbbd4ed30c11a18)] -> xpath: //*[@id='ti-2']/div[2]/h3]
Trying to find Element By : By.xpath: //*[@id='ti-2']/button
Found Element By : By.xpath: //*[@id='ti-2']/button
Trying to click on: [[ChromeDriver: chrome on WINDOWS (0c93506f3313ae675cbbd4ed30c11a18)] -> xpath: //*[@id='ti-2']/button]
Clicked on: [[ChromeDriver: chrome on WINDOWS (0c93506f3313ae675cbbd4ed30c11a18)] -> xpath: //*[@id='ti-2']/button]
]]></system-out>
    <system-err><![CDATA[Starting ChromeDriver 95.0.4638.69 (6a1600ed572fedecd573b6c2b90a22fe6392a410-refs/branch-heads/4638@{#984}) on port 20653
Only local connections are allowed.
Please see https://chromedriver.chromium.org/security-considerations for suggestions on keeping ChromeDriver safe.
ChromeDriver was started successfully.
Nov 15, 2021 5:25:49 PM org.openqa.selenium.remote.ProtocolHandshake createSession
INFO: Detected dialect: W3C
]]></system-err>
  </testcase>
</testsuite>