<?xml version="1.0" encoding="UTF-8"?>
<!-- Generated by org.testng.reporters.JUnitReportReporter -->
<testsuite hostname="QA-a-mahdy" failures="0" tests="1" name="Pages.creatAlertTest" time="12.230" errors="0" timestamp="2021-11-15T17:26:10 EET" skipped="0">
  <testcase classname="Pages.creatAlertTest" name="create_Alert_from_Header" time="12.230"/>
  <system-out/>
</testsuite> <!-- Pages.creatAlertTest -->
