<?xml version="1.0" encoding="UTF-8"?>
<!-- Generated by org.testng.reporters.JUnitReportReporter -->
<testsuite hostname="QA-a-mahdy" failures="0" tests="1" name="Pages.SubmitTicketTest" time="4.328" errors="0" timestamp="2021-11-15T17:26:10 EET" skipped="0">
  <testcase classname="Pages.SubmitTicketTest" name="Validate_can_Submit_Ticket" time="4.328"/>
  <system-out/>
</testsuite> <!-- Pages.SubmitTicketTest -->
