<?xml version="1.0" encoding="UTF-8"?>
<!-- Generated by org.testng.reporters.JUnitReportReporter -->
<testsuite hostname="QA-a-mahdy" failures="0" tests="1" name="Pages.uploadBomTest" time="60.727" errors="0" timestamp="2021-11-15T17:26:10 EET" skipped="0">
  <testcase classname="Pages.uploadBomTest" name="uploadBom" time="60.727"/>
  <system-out/>
</testsuite> <!-- Pages.uploadBomTest -->
