<?xml version="1.0" encoding="UTF-8"?>
<!-- Generated by org.testng.reporters.JUnitReportReporter -->
<testsuite hostname="QA-a-mahdy" failures="0" tests="18" name="Pages.AppTest" time="13.808" errors="0" timestamp="2021-11-15T17:26:10 EET" skipped="1">
  <testcase classname="Pages.AppTest" name="navigateToPartRiskPage" time="2.779"/>
  <system-out/>
  <testcase classname="Pages.AppTest" name="get_MAN_MPN_Part_Details" time="4.368"/>
  <system-out/>
  <testcase classname="Pages.AppTest" name="get_MPN_Part_Details" time="0.249"/>
  <system-out/>
  <testcase classname="Pages.AppTest" name="cardTagsExistInOverview" time="0.352"/>
  <system-out/>
  <testcase classname="Pages.AppTest" name="cardPartScoreExistInOverview" time="0.275"/>
  <system-out/>
  <testcase classname="Pages.AppTest" name="cardObsolescenceExistInOverview" time="0.362"/>
  <system-out/>
  <testcase classname="Pages.AppTest" name="cardPartSummaryExistInOverview" time="0.275"/>
  <system-out/>
  <testcase classname="Pages.AppTest" name="cardComplianceExistInOverview" time="0.264"/>
  <system-out/>
  <testcase classname="Pages.AppTest" name="cardMarketAvalibiltyExistInOverview" time="0.297"/>
  <system-out/>
  <testcase classname="Pages.AppTest" name="cardMulitSourceExistInOverview" time="2.409"/>
  <system-out/>
  <testcase classname="Pages.AppTest" name="PartScoreExistInOverview" time="0.285"/>
  <system-out/>
  <testcase classname="Pages.AppTest" name="ObsolescenceRisk_PartScorecard" time="0.339"/>
  <system-out/>
  <testcase classname="Pages.AppTest" name="ComplianceRisk_PartScorecard" time="0.283"/>
  <system-out/>
  <testcase classname="Pages.AppTest" name="MarketRisk_PartScorecard" time="0.350"/>
  <system-out/>
  <testcase classname="Pages.AppTest" name="TechnologyRisk_PartScorecard" time="0.322"/>
  <system-out/>
  <testcase classname="Pages.AppTest" name="MultiSourcingRisk_PartScorecard" time="0.327"/>
  <system-out/>
  <testcase classname="Pages.AppTest" name="SupplierScoreRisk_PartScorecard" time="0.272"/>
  <system-out/>
  <testcase classname="Pages.AppTest" name="getHeader">
    <skipped/>
  </testcase> <!-- getHeader -->
  <system-out/>
</testsuite> <!-- Pages.AppTest -->
